2021-09-09 19:27:53.593  INFO 14580 --- [restartedMain] salmon.community.CommunityApplication    : Starting CommunityApplication using Java 1.8.0_301 on SalmonCsMacBook-Air.local with PID 14580 (/Users/SalmonC/Documents/Coding/community/target/classes started by SalmonC in /Users/SalmonC/Documents/Coding/community)
2021-09-09 19:27:53.594  INFO 14580 --- [restartedMain] salmon.community.CommunityApplication    : No active profile set, falling back to default profiles: default
2021-09-09 19:27:53.655  INFO 14580 --- [restartedMain] .e.DevToolsPropertyDefaultsPostProcessor : Devtools property defaults active! Set 'spring.devtools.add-properties' to 'false' to disable
2021-09-09 19:27:53.656  INFO 14580 --- [restartedMain] .e.DevToolsPropertyDefaultsPostProcessor : For additional web related logging consider setting the 'logging.level.web' property to 'DEBUG'
2021-09-09 19:27:55.215  INFO 14580 --- [restartedMain] o.s.b.w.embedded.tomcat.TomcatWebServer  : Tomcat initialized with port(s): 8887 (http)
2021-09-09 19:27:55.222  INFO 14580 --- [restartedMain] o.apache.catalina.core.StandardService   : Starting service [Tomcat]
2021-09-09 19:27:55.223  INFO 14580 --- [restartedMain] org.apache.catalina.core.StandardEngine  : Starting Servlet engine: [Apache Tomcat/9.0.52]
2021-09-09 19:27:55.299  INFO 14580 --- [restartedMain] o.a.c.c.C.[Tomcat].[localhost].[/]       : Initializing Spring embedded WebApplicationContext
2021-09-09 19:27:55.300  INFO 14580 --- [restartedMain] w.s.c.ServletWebServerApplicationContext : Root WebApplicationContext: initialization completed in 1644 ms
2021-09-09 19:27:55.351  INFO 14580 --- [restartedMain] com.zaxxer.hikari.HikariDataSource       : HikariPool-1 - Starting...
2021-09-09 19:27:55.461  INFO 14580 --- [restartedMain] com.zaxxer.hikari.HikariDataSource       : HikariPool-1 - Start completed.
2021-09-09 19:27:55.465  INFO 14580 --- [restartedMain] o.s.b.a.h2.H2ConsoleAutoConfiguration    : H2 console available at '/h2-console'. Database available at 'jdbc:h2:~/community'
2021-09-09 19:27:56.356  INFO 14580 --- [restartedMain] o.s.b.a.w.s.WelcomePageHandlerMapping    : Adding welcome page template: index
2021-09-09 19:27:56.524  INFO 14580 --- [restartedMain] o.s.b.d.a.OptionalLiveReloadServer       : LiveReload server is running on port 35729
2021-09-09 19:27:56.573  INFO 14580 --- [restartedMain] o.s.b.w.embedded.tomcat.TomcatWebServer  : Tomcat started on port(s): 8887 (http) with context path ''
2021-09-09 19:27:56.589  INFO 14580 --- [restartedMain] salmon.community.CommunityApplication    : Started CommunityApplication in 3.455 seconds (JVM running for 4.72)
2021-09-09 19:31:14.992  INFO 14580 --- [http-nio-8887-exec-1] o.a.c.c.C.[Tomcat].[localhost].[/]       : Initializing Spring DispatcherServlet 'dispatcherServlet'
2021-09-09 19:31:14.994  INFO 14580 --- [http-nio-8887-exec-1] o.s.web.servlet.DispatcherServlet        : Initializing Servlet 'dispatcherServlet'
2021-09-09 19:31:15.002  INFO 14580 --- [http-nio-8887-exec-1] o.s.web.servlet.DispatcherServlet        : Completed initialization in 8 ms
2021-09-09 19:37:10.136  WARN 14580 --- [HikariPool-1 housekeeper] com.zaxxer.hikari.pool.HikariPool        : HikariPool-1 - Thread starvation or clock leap detected (housekeeper delta=1m44s479ms).
2021-09-09 19:47:48.430  WARN 14580 --- [HikariPool-1 housekeeper] com.zaxxer.hikari.pool.HikariPool        : HikariPool-1 - Thread starvation or clock leap detected (housekeeper delta=10m8s267ms).
2021-09-09 20:03:57.243  WARN 14580 --- [HikariPool-1 housekeeper] com.zaxxer.hikari.pool.HikariPool        : HikariPool-1 - Thread starvation or clock leap detected (housekeeper delta=16m8s769ms).
2021-09-09 20:12:23.303  INFO 14580 --- [SpringApplicationShutdownHook] com.zaxxer.hikari.HikariDataSource       : HikariPool-1 - Shutdown initiated...
2021-09-09 20:12:23.321  INFO 14580 --- [SpringApplicationShutdownHook] com.zaxxer.hikari.HikariDataSource       : HikariPool-1 - Shutdown completed.
